This file contains any messages produced by compilers while
running configure, to aid debugging if configure makes a mistake.

It was created by FreeType configure 2.13, which was
generated by GNU Autoconf 2.71.  Invocation command line was

  $ ./configure

## --------- ##
## Platform. ##
## --------- ##

hostname = DESKTOP-HGH1CB5
uname -m = x86_64
uname -r = 3.4.6.x86_64
uname -s = MSYS_NT-10.0-19045
uname -v = 2023-04-01 11:43 UTC

/usr/bin/uname -p = unknown
/bin/uname -X     = unknown

/bin/arch              = x86_64
/usr/bin/arch -k       = unknown
/usr/convex/getsysinfo = unknown
/usr/bin/hostinfo      = unknown
/bin/machine           = unknown
/usr/bin/oslevel       = unknown
/bin/universe          = unknown

PATH: /e/Windows Development Tools/Visual Studio/VC/Tools/MSVC/14.32.31326/bin/HostX64/x64/
PATH: /e/Windows Development Tools/Visual Studio/Common7/IDE/VC/VCPackages/
PATH: /e/Windows Development Tools/Visual Studio/Common7/IDE/CommonExtensions/Microsoft/TestWindow/
PATH: /e/Windows Development Tools/Visual Studio/Common7/IDE/CommonExtensions/Microsoft/TeamFoundation/Team Explorer/
PATH: /e/Windows Development Tools/Visual Studio/MSBuild/Current/bin/Roslyn/
PATH: /e/Windows Development Tools/Visual Studio/Team Tools/Performance Tools/x64/
PATH: /e/Windows Development Tools/Visual Studio/Team Tools/Performance Tools/
PATH: /c/Program Files (x86)/Microsoft SDKs/Windows/v10.0A/bin/NETFX 4.8 Tools/x64/
PATH: /c/Program Files (x86)/Windows Kits/10/bin/10.0.19041.0/x64/
PATH: /c/Program Files (x86)/Windows Kits/10/bin/x64/
PATH: /e/Windows Development Tools/Visual Studio/MSBuild/Current/Bin/amd64/
PATH: /c/Windows/Microsoft.NET/Framework64/v4.0.30319/
PATH: /e/Windows Development Tools/Visual Studio/Common7/IDE/
PATH: /e/Windows Development Tools/Visual Studio/Common7/Tools/
PATH: /c/Program Files/Vulkan SDK/Bin/
PATH: /c/Program Files (x86)/Razer Chroma SDK/bin/
PATH: /c/Program Files/Razer Chroma SDK/bin/
PATH: /c/Program Files (x86)/Razer/ChromaBroadcast/bin/
PATH: /c/Program Files/Razer/ChromaBroadcast/bin/
PATH: /c/Windows/system32/
PATH: /c/Windows/
PATH: /c/Windows/System32/Wbem/
PATH: /c/Windows/System32/WindowsPowerShell/v1.0/
PATH: /c/Windows/System32/OpenSSH/
PATH: /c/Program Files/NVIDIA Corporation/NVIDIA NvDLISR/
PATH: /c/Program Files (x86)/NVIDIA Corporation/PhysX/Common/
PATH: /c/Users/alfon/AppData/Local/Microsoft/WindowsApps/
PATH: /c/Windows/system32/config/systemprofile/AppData/Local/Microsoft/WindowsApps/
PATH: /c/Program Files/dotnet/
PATH: /c/ProgramData/chocolatey/bin/
PATH: /c/Program Files/LLVM/bin/
PATH: /c/Program Files/Git/cmd/
PATH: /c/Program Files/OpenSSH-Win64/
PATH: /c/Program Files (x86)/Windows Kits/10/Windows Performance Toolkit/
PATH: /c/Program Files (x86)/Windows Kits/10/Include/10.0.19041.0/ucrt/
PATH: /c/Program Files/Vulkan SDK/Include/
PATH: /c/Users/alfon/.dotnet/tools/
PATH: /c/Users/alfon/AppData/Roaming/npm/
PATH: /e/Aplicaciones/LLVM/bin/
PATH: /e/Herramientas/mingw64/bin/
PATH: /e/Herramientas/emacs/emacs-28.2/bin/
PATH: /usr/bin/
PATH: /e/Windows Development Tools/Visual Studio/VC/Tools/Llvm/x64/bin/
PATH: /e/Windows Development Tools/Visual Studio/Common7/IDE/CommonExtensions/Microsoft/CMake/CMake/bin/
PATH: /e/Windows Development Tools/Visual Studio/Common7/IDE/CommonExtensions/Microsoft/CMake/Ninja/
PATH: /e/Windows Development Tools/Visual Studio/Common7/IDE/VC/Linux/bin/ConnectionManagerExe/


## ----------- ##
## Core tests. ##
## ----------- ##

configure:2220: loading site script /usr/local/etc/config.site
| # This file is in public domain.
| # Original author: Karlson2k (Evgeny Grin)
| # Written for MSys2 to help running 'configure' scripts
| 
| # Use correct config.site file even if CONFIG_SITE is not set
| if test -r /etc/config.site; then
|   . /etc/config.site
| fi
config.site:13: default build_alias set to 
config.site:20: default prefix set to 
configure:2581: looking for aux files: install-sh ltmain.sh config.guess config.sub
configure:2594:  trying ./
configure:2605:   ./install-sh found
configure:2623:   ./ltmain.sh found
configure:2623:   ./config.guess found
configure:2623:   ./config.sub found
configure:2754: checking build system type
configure:2769: result: x86_64-pc-msys
configure:2789: checking host system type
configure:2803: result: x86_64-pc-msys
configure:2889: checking for gcc
configure:2910: found /e/Herramientas/mingw64/bin/gcc
configure:2921: result: gcc
configure:3274: checking for C compiler version
configure:3283: gcc --version >&5
gcc.exe (MinGW-W64 x86_64-msvcrt-posix-seh, built by Brecht Sanders) 12.2.0
Copyright (C) 2022 Free Software Foundation, Inc.
This is free software; see the source for copying conditions.  There is NO
warranty; not even for MERCHANTABILITY or FITNESS FOR A PARTICULAR PURPOSE.

configure:3294: $? = 0
configure:3283: gcc -v >&5
Using built-in specs.
COLLECT_GCC=E:\Herramientas\mingw64\bin\gcc.exe
COLLECT_LTO_WRAPPER=e:/herramientas/mingw64/bin/../libexec/gcc/x86_64-w64-mingw32/12.2.0/lto-wrapper.exe
OFFLOAD_TARGET_NAMES=nvptx-none
Target: x86_64-w64-mingw32
Configured with: ../configure --prefix=/R/winlibs64_stage/inst_gcc-12.2.0/share/gcc --build=x86_64-w64-mingw32 --host=x86_64-w64-mingw32 --enable-offload-targets=nvptx-none --with-pkgversion='MinGW-W64 x86_64-msvcrt-posix-seh, built by Brecht Sanders' --with-tune=generic --enable-checking=release --enable-threads=posix --disable-sjlj-exceptions --disable-libunwind-exceptions --disable-serial-configure --disable-bootstrap --enable-host-shared --enable-plugin --disable-default-ssp --disable-rpath --disable-libstdcxx-debug --disable-version-specific-runtime-libs --with-stabs --disable-symvers --enable-languages=c,c++,fortran,lto,objc,obj-c++,jit --disable-gold --disable-nls --disable-stage1-checking --disable-win32-registry --disable-multilib --enable-ld --enable-libquadmath --enable-libada --enable-libssp --enable-libstdcxx --enable-lto --enable-fully-dynamic-string --enable-libgomp --enable-graphite --enable-mingw-wildcard --enable-libstdcxx-time --enable-libstdcxx-pch --with-mpc=/d/Prog/winlibs64_stage/custombuilt --with-mpfr=/d/Prog/winlibs64_stage/custombuilt --with-gmp=/d/Prog/winlibs64_stage/custombuilt --with-isl=/d/Prog/winlibs64_stage/custombuilt --enable-libstdcxx-backtrace --enable-install-libiberty --enable-__cxa_atexit --without-included-gettext --with-diagnostics-color=auto --enable-clocale=generic --with-libiconv --with-system-zlib --with-build-sysroot=/R/winlibs64_stage/gcc-12.2.0/build_mingw/mingw-w64 CFLAGS='-I/d/Prog/winlibs64_stage/custombuilt/include/libdl-win32 -Wno-int-conversion' CXXFLAGS=-Wno-int-conversion LDFLAGS='-pthread -Wl,--dynamicbase -Wl,--high-entropy-va -Wl,--nxcompat -Wl,--tsaware'
Thread model: posix
Supported LTO compression algorithms: zlib zstd
gcc version 12.2.0 (MinGW-W64 x86_64-msvcrt-posix-seh, built by Brecht Sanders) 
configure:3294: $? = 0
configure:3283: gcc -V >&5
gcc.exe: error: unrecognized command-line option '-V'
gcc.exe: fatal error: no input files
compilation terminated.
configure:3294: $? = 1
configure:3283: gcc -qversion >&5
gcc.exe: error: unrecognized command-line option '-qversion'; did you mean '--version'?
gcc.exe: fatal error: no input files
compilation terminated.
configure:3294: $? = 1
configure:3283: gcc -version >&5
gcc.exe: error: unrecognized command-line option '-version'
gcc.exe: fatal error: no input files
compilation terminated.
configure:3294: $? = 1
configure:3314: checking whether the C compiler works
configure:3336: gcc    conftest.c  >&5
configure:3340: $? = 0
configure:3390: result: yes
configure:3393: checking for C compiler default output file name
configure:3395: result: a.exe
configure:3401: checking for suffix of executables
configure:3408: gcc -o conftest.exe    conftest.c  >&5
configure:3412: $? = 0
configure:3435: result: .exe
configure:3457: checking whether we are cross compiling
configure:3465: gcc -o conftest.exe    conftest.c  >&5
configure:3469: $? = 0
configure:3476: ./conftest.exe
configure:3480: $? = 0
configure:3495: result: no
configure:3500: checking for suffix of object files
configure:3523: gcc -c   conftest.c >&5
configure:3527: $? = 0
configure:3549: result: o
configure:3553: checking whether the compiler supports GNU C
configure:3573: gcc -c   conftest.c >&5
configure:3573: $? = 0
configure:3583: result: yes
configure:3594: checking whether gcc accepts -g
configure:3615: gcc -c -g  conftest.c >&5
configure:3615: $? = 0
configure:3659: result: yes
configure:3679: checking for gcc option to enable C11 features
configure:3694: gcc  -c -g -O2  conftest.c >&5
configure:3694: $? = 0
configure:3712: result: none needed
configure:3827: checking how to run the C preprocessor
configure:3853: gcc -E  conftest.c
configure:3853: $? = 0
configure:3868: gcc -E  conftest.c
conftest.c:9:10: fatal error: ac_nonexistent.h: No such file or directory
    9 | #include <ac_nonexistent.h>
      |          ^~~~~~~~~~~~~~~~~~
compilation terminated.
configure:3868: $? = 1
configure: failed program was:
| /* confdefs.h */
| #define PACKAGE_NAME "FreeType"
| #define PACKAGE_TARNAME "freetype"
| #define PACKAGE_VERSION "2.13"
| #define PACKAGE_STRING "FreeType 2.13"
| #define PACKAGE_BUGREPORT "freetype@nongnu.org"
| #define PACKAGE_URL ""
| /* end confdefs.h.  */
| #include <ac_nonexistent.h>
configure:3895: result: gcc -E
configure:3909: gcc -E  conftest.c
configure:3909: $? = 0
configure:3924: gcc -E  conftest.c
conftest.c:9:10: fatal error: ac_nonexistent.h: No such file or directory
    9 | #include <ac_nonexistent.h>
      |          ^~~~~~~~~~~~~~~~~~
compilation terminated.
configure:3924: $? = 1
configure: failed program was:
| /* confdefs.h */
| #define PACKAGE_NAME "FreeType"
| #define PACKAGE_TARNAME "freetype"
| #define PACKAGE_VERSION "2.13"
| #define PACKAGE_STRING "FreeType 2.13"
| #define PACKAGE_BUGREPORT "freetype@nongnu.org"
| #define PACKAGE_URL ""
| /* end confdefs.h.  */
| #include <ac_nonexistent.h>
configure:4015: checking for pkg-config
configure:4053: result: no
configure:4135: checking how to print strings
configure:4162: result: printf
configure:4183: checking for a sed that does not truncate output
configure:4253: result: /usr/bin/sed
configure:4271: checking for grep that handles long lines and -e
configure:4335: result: /usr/bin/grep
configure:4340: checking for egrep
configure:4408: result: /usr/bin/grep -E
configure:4413: checking for fgrep
configure:4481: result: /usr/bin/grep -F
configure:4517: checking for ld used by gcc
configure:4585: result: e:/herramientas/mingw64/x86_64-w64-mingw32/bin/ld.exe
configure:4592: checking if the linker (e:/herramientas/mingw64/x86_64-w64-mingw32/bin/ld.exe) is GNU ld
configure:4608: result: yes
configure:4620: checking for BSD- or MS-compatible name lister (nm)
configure:4675: result: /e/Herramientas/mingw64/bin/nm -B
configure:4815: checking the name lister (/e/Herramientas/mingw64/bin/nm -B) interface
configure:4823: gcc -c -g -O2  conftest.c >&5
configure:4826: /e/Herramientas/mingw64/bin/nm -B "conftest.o"
configure:4829: output
0000000000000000 b .bss
0000000000000000 d .data
0000000000000000 N .debug_abbrev
0000000000000000 N .debug_aranges
0000000000000000 N .debug_info
0000000000000000 N .debug_line
0000000000000000 N .debug_line_str
0000000000000000 r .rdata$zzz
0000000000000000 t .text
0000000000000000 B some_variable
configure:4836: result: BSD nm
configure:4839: checking whether ln -s works
configure:4846: result: no, using cp -pR
configure:4851: checking the maximum length of command line arguments
configure:4983: result: 24000
configure:5031: checking how to convert x86_64-pc-msys file names to x86_64-pc-msys format
configure:5072: result: func_convert_file_noop
configure:5079: checking how to convert x86_64-pc-msys file names to toolchain format
configure:5100: result: func_convert_file_noop
configure:5107: checking for e:/herramientas/mingw64/x86_64-w64-mingw32/bin/ld.exe option to reload object files
configure:5115: result: -r
configure:5194: checking for file
configure:5215: found /usr/bin/file
configure:5226: result: file
configure:5302: checking for objdump
configure:5323: found /e/Herramientas/mingw64/bin/objdump
configure:5334: result: objdump
configure:5363: checking how to recognize dependent libraries
configure:5564: result: unknown
configure:5654: checking for dlltool
configure:5675: found /e/Herramientas/mingw64/bin/dlltool
configure:5686: result: dlltool
configure:5716: checking how to associate runtime and link libraries
configure:5744: result: printf %s\n
configure:5810: checking for ar
configure:5831: found /e/Herramientas/mingw64/bin/ar
configure:5842: result: ar
configure:5895: checking for archiver @FILE support
configure:5913: gcc -c -g -O2  conftest.c >&5
configure:5913: $? = 0
configure:5917: ar cr libconftest.a @conftest.lst >&5
configure:5920: $? = 0
configure:5925: ar cr libconftest.a @conftest.lst >&5
E:\Herramientas\mingw64\bin\ar.exe: conftest.o: No such file or directory
configure:5928: $? = 1
configure:5940: result: @
configure:6003: checking for strip
configure:6024: found /e/Herramientas/mingw64/bin/strip
configure:6035: result: strip
configure:6112: checking for ranlib
configure:6133: found /e/Herramientas/mingw64/bin/ranlib
configure:6144: result: ranlib
configure:6221: checking for gawk
configure:6242: found /usr/bin/gawk
configure:6253: result: gawk
configure:6293: checking command to parse /e/Herramientas/mingw64/bin/nm -B output from gcc object
configure:6447: gcc -c -g -O2  conftest.c >&5
configure:6450: $? = 0
configure:6454: /e/Herramientas/mingw64/bin/nm -B conftest.o \| /usr/bin/sed -n -e 's/^.*[ ]\([ABCDGIRSTW][ABCDGIRSTW]*\)[ ][ ]*\([_A-Za-z][_A-Za-z0-9]*\)$/\1 \2 \2/p' | /usr/bin/sed '/ __gnu_lto/d' \> conftest.nm
configure:6457: $? = 0
configure:6523: gcc -o conftest.exe -g -O2   conftest.c conftstm.o >&5
configure:6526: $? = 0
configure:6564: result: ok
configure:6611: checking for sysroot
configure:6642: result: no
configure:6649: checking for a working dd
configure:6693: result: 
configure:6697: checking how to truncate binary pipes
configure:6713: result: /usr/bin/sed -e 4q
configure:7050: checking for mt
configure:7071: found /c/Program Files (x86)/Windows Kits/10/bin/10.0.19041.0/x64/mt
configure:7082: result: mt
configure:7105: checking if mt is a manifest tool
configure:7112: mt '-?'
configure:7120: result: yes
configure:7845: checking for stdio.h
configure:7845: gcc -c -g -O2  conftest.c >&5
configure:7845: $? = 0
configure:7845: result: yes
configure:7845: checking for stdlib.h
configure:7845: gcc -c -g -O2  conftest.c >&5
configure:7845: $? = 0
configure:7845: result: yes
configure:7845: checking for string.h
configure:7845: gcc -c -g -O2  conftest.c >&5
configure:7845: $? = 0
configure:7845: result: yes
configure:7845: checking for inttypes.h
configure:7845: gcc -c -g -O2  conftest.c >&5
configure:7845: $? = 0
configure:7845: result: yes
configure:7845: checking for stdint.h
configure:7845: gcc -c -g -O2  conftest.c >&5
configure:7845: $? = 0
configure:7845: result: yes
configure:7845: checking for strings.h
configure:7845: gcc -c -g -O2  conftest.c >&5
configure:7845: $? = 0
configure:7845: result: yes
configure:7845: checking for sys/stat.h
configure:7845: gcc -c -g -O2  conftest.c >&5
configure:7845: $? = 0
configure:7845: result: yes
configure:7845: checking for sys/types.h
configure:7845: gcc -c -g -O2  conftest.c >&5
configure:7845: $? = 0
configure:7845: result: yes
configure:7845: checking for unistd.h
configure:7845: gcc -c -g -O2  conftest.c >&5
configure:7845: $? = 0
configure:7845: result: yes
configure:7845: checking for sys/param.h
configure:7845: gcc -c -g -O2  conftest.c >&5
configure:7845: $? = 0
configure:7845: result: yes
configure:7870: checking for dlfcn.h
configure:7870: gcc -c -g -O2  conftest.c >&5
conftest.c:49:10: fatal error: dlfcn.h: No such file or directory
   49 | #include <dlfcn.h>
      |          ^~~~~~~~~
compilation terminated.
configure:7870: $? = 1
configure: failed program was:
| /* confdefs.h */
| #define PACKAGE_NAME "FreeType"
| #define PACKAGE_TARNAME "freetype"
| #define PACKAGE_VERSION "2.13"
| #define PACKAGE_STRING "FreeType 2.13"
| #define PACKAGE_BUGREPORT "freetype@nongnu.org"
| #define PACKAGE_URL ""
| #define HAVE_STDIO_H 1
| #define HAVE_STDLIB_H 1
| #define HAVE_STRING_H 1
| #define HAVE_INTTYPES_H 1
| #define HAVE_STDINT_H 1
| #define HAVE_STRINGS_H 1
| #define HAVE_SYS_STAT_H 1
| #define HAVE_SYS_TYPES_H 1
| #define HAVE_UNISTD_H 1
| #define HAVE_SYS_PARAM_H 1
| #define STDC_HEADERS 1
| /* end confdefs.h.  */
| #include <stddef.h>
| #ifdef HAVE_STDIO_H
| # include <stdio.h>
| #endif
| #ifdef HAVE_STDLIB_H
| # include <stdlib.h>
| #endif
| #ifdef HAVE_STRING_H
| # include <string.h>
| #endif
| #ifdef HAVE_INTTYPES_H
| # include <inttypes.h>
| #endif
| #ifdef HAVE_STDINT_H
| # include <stdint.h>
| #endif
| #ifdef HAVE_STRINGS_H
| # include <strings.h>
| #endif
| #ifdef HAVE_SYS_TYPES_H
| # include <sys/types.h>
| #endif
| #ifdef HAVE_SYS_STAT_H
| # include <sys/stat.h>
| #endif
| #ifdef HAVE_UNISTD_H
| # include <unistd.h>
| #endif
| 
| #include <dlfcn.h>
configure:7870: result: no
configure:8457: checking for objdir
configure:8473: result: .libs
configure:8733: checking if gcc supports -fno-rtti -fno-exceptions
configure:8752: gcc -c -g -O2  -fno-rtti -fno-exceptions conftest.c >&5
cc1.exe: warning: command-line option '-fno-rtti' is valid for C++/D/ObjC++ but not for C
configure:8756: $? = 0
configure:8769: result: no
configure:9127: checking for gcc option to produce PIC
configure:9135: result: -fPIC -DPIC
configure:9143: checking if gcc PIC flag -fPIC -DPIC works
configure:9162: gcc -c -g -O2  -fPIC -DPIC -DPIC conftest.c >&5
configure:9166: $? = 0
configure:9179: result: yes
configure:9208: checking if gcc static flag -static works
configure:9237: result: yes
configure:9252: checking if gcc supports -c -o file.o
configure:9274: gcc -c -g -O2  -o out/conftest2.o conftest.c >&5
configure:9278: $? = 0
configure:9300: result: yes
configure:9308: checking if gcc supports -c -o file.o
configure:9356: result: yes
configure:9389: checking whether the gcc linker (e:/herramientas/mingw64/x86_64-w64-mingw32/bin/ld.exe) supports shared libraries
configure:10657: result: yes
configure:10694: checking whether -lc should be explicitly linked in
configure:10703: gcc -c -g -O2  conftest.c >&5
configure:10706: $? = 0
configure:10721: gcc -shared  -fPIC -DPIC conftest.o  -v -Wl,-soname -Wl,conftest -o conftest 2\>\&1 \| /usr/bin/grep  -lc  \>/dev/null 2\>\&1
configure:10724: $? = 1
configure:10738: result: yes
configure:10898: checking dynamic linker characteristics
configure:11719: result: no
configure:11841: checking how to hardcode library paths into programs
configure:11866: result: immediate
configure:12418: checking whether stripping libraries is possible
configure:12427: result: yes
configure:12469: checking if libtool supports shared libraries
configure:12471: result: no
configure:12474: checking whether to build shared libraries
configure:12499: result: no
configure:12502: checking whether to build static libraries
configure:12506: result: yes
configure:12543: checking for windows.h
configure:12543: gcc -c -g -O2  conftest.c >&5

## ---------------- ##
## Cache variables. ##
## ---------------- ##

ac_cv_build=x86_64-pc-msys
ac_cv_c_compiler_gnu=yes
ac_cv_env_BROTLI_CFLAGS_set=
ac_cv_env_BROTLI_CFLAGS_value=
ac_cv_env_BROTLI_LIBS_set=
ac_cv_env_BROTLI_LIBS_value=
ac_cv_env_build_alias_set=
ac_cv_env_build_alias_value=
ac_cv_env_BZIP2_CFLAGS_set=
ac_cv_env_BZIP2_CFLAGS_value=
ac_cv_env_BZIP2_LIBS_set=
ac_cv_env_BZIP2_LIBS_value=
ac_cv_env_CC_set=
ac_cv_env_CC_value=
ac_cv_env_CFLAGS_set=
ac_cv_env_CFLAGS_value=
ac_cv_env_CPP_set=
ac_cv_env_CPP_value=
ac_cv_env_CPPFLAGS_set=
ac_cv_env_CPPFLAGS_value=
ac_cv_env_HARFBUZZ_CFLAGS_set=
ac_cv_env_HARFBUZZ_CFLAGS_value=
ac_cv_env_HARFBUZZ_LIBS_set=
ac_cv_env_HARFBUZZ_LIBS_value=
ac_cv_env_host_alias_set=
ac_cv_env_host_alias_value=
ac_cv_env_LDFLAGS_set=
ac_cv_env_LDFLAGS_value=
ac_cv_env_LIBPNG_CFLAGS_set=
ac_cv_env_LIBPNG_CFLAGS_value=
ac_cv_env_LIBPNG_LIBS_set=
ac_cv_env_LIBPNG_LIBS_value=
ac_cv_env_LIBRSVG_CFLAGS_set=
ac_cv_env_LIBRSVG_CFLAGS_value=
ac_cv_env_LIBRSVG_LIBS_set=
ac_cv_env_LIBRSVG_LIBS_value=
ac_cv_env_LIBS_set=
ac_cv_env_LIBS_value=
ac_cv_env_LT_SYS_LIBRARY_PATH_set=
ac_cv_env_LT_SYS_LIBRARY_PATH_value=
ac_cv_env_PKG_CONFIG_LIBDIR_set=
ac_cv_env_PKG_CONFIG_LIBDIR_value=
ac_cv_env_PKG_CONFIG_PATH_set=
ac_cv_env_PKG_CONFIG_PATH_value=
ac_cv_env_PKG_CONFIG_set=
ac_cv_env_PKG_CONFIG_value=
ac_cv_env_target_alias_set=
ac_cv_env_target_alias_value=
ac_cv_env_ZLIB_CFLAGS_set=
ac_cv_env_ZLIB_CFLAGS_value=
ac_cv_env_ZLIB_LIBS_set=
ac_cv_env_ZLIB_LIBS_value=
ac_cv_exeext=.exe
ac_cv_header_dlfcn_h=no
ac_cv_header_inttypes_h=yes
ac_cv_header_stdint_h=yes
ac_cv_header_stdio_h=yes
ac_cv_header_stdlib_h=yes
ac_cv_header_string_h=yes
ac_cv_header_strings_h=yes
ac_cv_header_sys_param_h=yes
ac_cv_header_sys_stat_h=yes
ac_cv_header_sys_types_h=yes
ac_cv_header_unistd_h=yes
ac_cv_host=x86_64-pc-msys
ac_cv_objext=o
ac_cv_path_EGREP='/usr/bin/grep -E'
ac_cv_path_FGREP='/usr/bin/grep -F'
ac_cv_path_GREP=/usr/bin/grep
ac_cv_path_SED=/usr/bin/sed
ac_cv_prog_ac_ct_AR=ar
ac_cv_prog_ac_ct_CC=gcc
ac_cv_prog_ac_ct_DLLTOOL=dlltool
ac_cv_prog_ac_ct_FILECMD=file
ac_cv_prog_ac_ct_MANIFEST_TOOL=mt
ac_cv_prog_ac_ct_OBJDUMP=objdump
ac_cv_prog_ac_ct_RANLIB=ranlib
ac_cv_prog_ac_ct_STRIP=strip
ac_cv_prog_AWK=gawk
ac_cv_prog_cc_c11=
ac_cv_prog_cc_g=yes
ac_cv_prog_cc_stdc=
ac_cv_prog_CPP='gcc -E'
lt_cv_ar_at_file=@
lt_cv_archive_cmds_need_lc=yes
lt_cv_deplibs_check_method=unknown
lt_cv_file_magic_cmd='$MAGIC_CMD'
lt_cv_file_magic_test_file=
lt_cv_ld_reload_flag=-r
lt_cv_nm_interface='BSD nm'
lt_cv_objdir=.libs
lt_cv_path_LD=e:/herramientas/mingw64/x86_64-w64-mingw32/bin/ld.exe
lt_cv_path_mainfest_tool=yes
lt_cv_path_NM='/e/Herramientas/mingw64/bin/nm -B'
lt_cv_prog_compiler_c_o=yes
lt_cv_prog_compiler_pic_works=yes
lt_cv_prog_compiler_pic='-fPIC -DPIC'
lt_cv_prog_compiler_rtti_exceptions=no
lt_cv_prog_compiler_static_works=yes
lt_cv_prog_gnu_ld=yes
lt_cv_sharedlib_from_linklib_cmd='printf %s\n'
lt_cv_sys_global_symbol_pipe='/usr/bin/sed -n -e '\''s/^.*[	 ]\([ABCDGIRSTW][ABCDGIRSTW]*\)[	 ][	 ]*\([_A-Za-z][_A-Za-z0-9]*\)$/\1 \2 \2/p'\'' | /usr/bin/sed '\''/ __gnu_lto/d'\'''
lt_cv_sys_global_symbol_to_c_name_address_lib_prefix='/usr/bin/sed -n -e '\''s/^: \(.*\) .*$/  {"\1", (void *) 0},/p'\'' -e '\''s/^[ABCDGIRSTW][ABCDGIRSTW]* .* \(lib.*\)$/  {"\1", (void *) \&\1},/p'\'' -e '\''s/^[ABCDGIRSTW][ABCDGIRSTW]* .* \(.*\)$/  {"lib\1", (void *) \&\1},/p'\'''
lt_cv_sys_global_symbol_to_c_name_address='/usr/bin/sed -n -e '\''s/^: \(.*\) .*$/  {"\1", (void *) 0},/p'\'' -e '\''s/^[ABCDGIRSTW][ABCDGIRSTW]* .* \(.*\)$/  {"\1", (void *) \&\1},/p'\'''
lt_cv_sys_global_symbol_to_cdecl='/usr/bin/sed -n -e '\''s/^T .* \(.*\)$/extern int \1();/p'\'' -e '\''s/^[ABCDGIRSTW][ABCDGIRSTW]* .* \(.*\)$/extern char \1;/p'\'''
lt_cv_sys_global_symbol_to_import=
lt_cv_sys_max_cmd_len=24000
lt_cv_to_host_file_cmd=func_convert_file_noop
lt_cv_to_tool_file_cmd=func_convert_file_noop
lt_cv_truncate_bin='/usr/bin/sed -e 4q'

## ----------------- ##
## Output variables. ##
## ----------------- ##

ac_ct_AR='ar'
ac_ct_CC='gcc'
ac_ct_DUMPBIN=''
AR='ar'
AS='as'
AWK='gawk'
ax_pthread_config=''
bindir='${exec_prefix}/bin'
BROTLI_CFLAGS=''
BROTLI_LIBS=''
build_alias=''
build_cpu='x86_64'
build_libtool_libs=''
build_os='msys'
build_vendor='pc'
build='x86_64-pc-msys'
BZIP2_CFLAGS=''
BZIP2_LIBS=''
CC_BUILD=''
CC='gcc'
CFLAGS='-g -O2'
CPP='gcc -E'
CPPFLAGS=''
datadir='${datarootdir}'
datarootdir='${prefix}/share'
DEFS=''
DLLTOOL='dlltool'
docdir='${datarootdir}/doc/${PACKAGE_TARNAME}'
DSYMUTIL=''
DUMPBIN=''
dvidir='${docdir}'
ECHO_C=''
ECHO_N='-n'
ECHO_T=''
EGREP='/usr/bin/grep -E'
exec_prefix='NONE'
EXEEXT_BUILD=''
EXEEXT='.exe'
FGREP='/usr/bin/grep -F'
FILECMD='file'
FT_DEMO_CFLAGS=''
FT_DEMO_LDFLAGS=''
ft_version='25.0.19'
ftmac_c=''
FTSYS_SRC=''
GREP='/usr/bin/grep'
hardcode_libdir_flag_spec='$wl-rpath $wl$libdir'
HARFBUZZ_CFLAGS=''
HARFBUZZ_LIBS=''
have_libpng=''
host_alias=''
host_cpu='x86_64'
host_os='msys'
host_vendor='pc'
host='x86_64-pc-msys'
htmldir='${docdir}'
includedir='${prefix}/include'
infodir='${datarootdir}/info'
INSTALL_DATA=''
INSTALL_FT2_CONFIG=''
INSTALL_PROGRAM=''
INSTALL_SCRIPT=''
LD='e:/herramientas/mingw64/x86_64-w64-mingw32/bin/ld.exe'
LDFLAGS=''
libdir='${exec_prefix}/lib'
libexecdir='${exec_prefix}/libexec'
LIBOBJS=''
LIBPNG_CFLAGS=''
LIBPNG_LIBS=''
LIBRSVG_CFLAGS=''
LIBRSVG_LIBS=''
LIBS=''
LIBSSTATIC_CONFIG=''
LIBTOOL='$(SHELL) $(top_builddir)/libtool'
LIPO=''
LN_S='cp -pR'
localedir='${datarootdir}/locale'
localstatedir='${prefix}/var'
LT_SYS_LIBRARY_PATH=''
LTLIBOBJS=''
mandir='${datarootdir}/man'
MANIFEST_TOOL='mt'
MKDIR_P=''
NM='/e/Herramientas/mingw64/bin/nm -B'
NMEDIT=''
OBJDUMP='objdump'
OBJEXT='o'
oldincludedir='/usr/include'
OTOOL=''
OTOOL64=''
PACKAGE_BUGREPORT='freetype@nongnu.org'
PACKAGE_NAME='FreeType'
PACKAGE_STRING='FreeType 2.13'
PACKAGE_TARNAME='freetype'
PACKAGE_URL=''
PACKAGE_VERSION='2.13'
PATH_SEPARATOR=':'
pdfdir='${docdir}'
PKG_CONFIG_LIBDIR=''
PKG_CONFIG_PATH=''
PKG_CONFIG=''
PKGCONFIG_LIBS_PRIVATE=''
PKGCONFIG_LIBS=''
PKGCONFIG_REQUIRES_PRIVATE=''
PKGCONFIG_REQUIRES=''
prefix=''
program_transform_name='s,x,x,'
psdir='${docdir}'
PTHREAD_CC=''
PTHREAD_CFLAGS=''
PTHREAD_CXX=''
PTHREAD_LIBS=''
PYTHON_VERSION=''
PYTHON=''
RANLIB='ranlib'
RC=''
runstatedir='${localstatedir}/run'
sbindir='${exec_prefix}/sbin'
SED='/usr/bin/sed'
sharedstatedir='${prefix}/com'
SHELL='/bin/sh'
STRIP='strip'
sysconfdir='${prefix}/etc'
SYSTEM_ZLIB=''
target_alias=''
target_cpu=''
target_os=''
target_vendor=''
target=''
version_info='25:0:19'
wl='-Wl,'
XX_ANSIFLAGS=''
XX_CFLAGS=''
ZLIB_CFLAGS=''
ZLIB_LIBS=''

## ----------- ##
## confdefs.h. ##
## ----------- ##

/* confdefs.h */
#define PACKAGE_NAME "FreeType"
#define PACKAGE_TARNAME "freetype"
#define PACKAGE_VERSION "2.13"
#define PACKAGE_STRING "FreeType 2.13"
#define PACKAGE_BUGREPORT "freetype@nongnu.org"
#define PACKAGE_URL ""
#define HAVE_STDIO_H 1
#define HAVE_STDLIB_H 1
#define HAVE_STRING_H 1
#define HAVE_INTTYPES_H 1
#define HAVE_STDINT_H 1
#define HAVE_STRINGS_H 1
#define HAVE_SYS_STAT_H 1
#define HAVE_SYS_TYPES_H 1
#define HAVE_UNISTD_H 1
#define HAVE_SYS_PARAM_H 1
#define STDC_HEADERS 1
#define LT_OBJDIR ".libs/"

configure: caught signal 2
configure: exit 1
